<?xml version="1.0" encoding="utf-8"?><testsuites name="pytest tests"><testsuite name="pytest" errors="0" failures="0" skipped="0" tests="17" time="52.478" timestamp="2026-08-26T19:52:12.073790+00:00" hostname="agent-env-affc8c69-987d-473d-966a-3800b0f36595"><testcase classname="tests.test_livekit_coach.TestLiveKitAndCoach" name="test_01_health_and_auth_regression" time="1.231" /><testcase classname="tests.test_livekit_coach.TestLiveKitAndCoach" name="test_02_create_room_via_match" time="14.444" /><testcase classname="tests.test_livekit_coach.TestLiveKitAndCoach" name="test_03_participant_token_unauthenticated_401" time="0.252" /><testcase classname="tests.test_livekit_coach.TestLiveKitAndCoach" name="test_04_participant_token_non_participant_403" time="0.161" /><testcase classname="tests.test_livekit_coach.TestLiveKitAndCoach" name="test_05_participant_token_unknown_room_404" time="0.161" /><testcase classname="tests.test_livekit_coach.TestLiveKitAndCoach" name="test_06_participant_token_success_and_grants" time="0.275" /><testcase classname="tests.test_livekit_coach.TestLiveKitAndCoach" name="test_07_participant_token_side_b_identity" time="0.192" /><testcase classname="tests.test_livekit_coach.TestLiveKitAndCoach" name="test_08_spectator_token_non_public_404" time="0.387" /><testcase classname="tests.test_livekit_coach.TestLiveKitAndCoach" name="test_09_publish_both_sides_makes_public" time="0.368" /><testcase classname="tests.test_livekit_coach.TestLiveKitAndCoach" name="test_10_spectator_token_success_and_grants" time="0.391" /><testcase classname="tests.test_livekit_coach.TestLiveKitAndCoach" name="test_11_public_list_has_identities" time="0.253" /><testcase classname="tests.test_livekit_coach.TestLiveKitAndCoach" name="test_12_public_detail_has_identities" time="0.176" /><testcase classname="tests.test_livekit_coach.TestLiveKitAndCoach" name="test_13_coach_nudge_participants_only" time="16.450" /><testcase classname="tests.test_livekit_coach.TestLiveKitAndCoach" name="test_14_coach_restart_after_both_disconnect" time="15.589" /><testcase classname="tests.test_livekit_coach.TestLiveKitAndCoach" name="test_15_no_server_errors_in_logs" time="0.002" /><testcase classname="tests.test_livekit_coach.TestLiveKitAndCoach" name="test_16_regression_watch_ws_comment_and_like" time="0.996" /><testcase classname="tests.test_livekit_coach.TestLiveKitAndCoach" name="test_17_regression_room_access_and_stats" time="0.619" /></testsuite></testsuites>