<?xml version="1.0" encoding="utf-8"?><testsuites name="pytest tests"><testsuite name="pytest" errors="0" failures="0" skipped="0" tests="22" time="24.784" timestamp="2026-08-26T19:35:12.141255+00:00" hostname="agent-env-affc8c69-987d-473d-966a-3800b0f36595"><testcase classname="tests.backend_test.TestWatchFeature" name="test_01_health" time="0.262" /><testcase classname="tests.backend_test.TestWatchFeature" name="test_02_auth_me" time="0.343" /><testcase classname="tests.backend_test.TestWatchFeature" name="test_03_create_room_via_match" time="12.113" /><testcase classname="tests.backend_test.TestWatchFeature" name="test_04_prepublish_chat_message" time="0.452" /><testcase classname="tests.backend_test.TestWatchFeature" name="test_05_publish_unauthenticated_401" time="0.202" /><testcase classname="tests.backend_test.TestWatchFeature" name="test_06_publish_non_participant_403" time="0.188" /><testcase classname="tests.backend_test.TestWatchFeature" name="test_07_publish_unknown_room_404" time="0.201" /><testcase classname="tests.backend_test.TestWatchFeature" name="test_08_publish_a_only" time="0.400" /><testcase classname="tests.backend_test.TestWatchFeature" name="test_09_nonpublic_detail_and_like_404" time="0.623" /><testcase classname="tests.backend_test.TestWatchFeature" name="test_10_ws_watch_nonpublic_rejected" time="0.277" /><testcase classname="tests.backend_test.TestWatchFeature" name="test_11_publish_b_makes_public" time="0.342" /><testcase classname="tests.backend_test.TestWatchFeature" name="test_12_list_public_debates_shape" time="0.182" /><testcase classname="tests.backend_test.TestWatchFeature" name="test_13_public_detail_chat_no_sender_leak" time="0.218" /><testcase classname="tests.backend_test.TestWatchFeature" name="test_14_like_increments" time="0.731" /><testcase classname="tests.backend_test.TestWatchFeature" name="test_15_ws_watch_anonymous_comment_and_like" time="1.034" /><testcase classname="tests.backend_test.TestWatchFeature" name="test_16_ws_watch_authed_comment_author" time="0.441" /><testcase classname="tests.backend_test.TestWatchFeature" name="test_17_spectator_count_broadcast_two_spectators" time="0.916" /><testcase classname="tests.backend_test.TestWatchFeature" name="test_18_e2e_participant_chat_mirrors_to_spectator" time="2.351" /><testcase classname="tests.backend_test.TestWatchFeature" name="test_19_unpublish_flips_is_public_off" time="1.637" /><testcase classname="tests.backend_test.TestWatchFeature" name="test_20_republish_restores_public" time="0.448" /><testcase classname="tests.backend_test.TestWatchFeature" name="test_21_regression_onboarding_questions_and_stats" time="0.376" /><testcase classname="tests.backend_test.TestWatchFeature" name="test_22_regression_feedback_and_room_403" time="0.462" /></testsuite></testsuites>